
=== Fri Dec 14 13:48:36 2018

Packages were changed.
Update Mode: updateDependencies

The following packages were added:
  com.unity.collab-proxy@1.2.15
The following packages were updated:
  com.unity.ads from version 2.0.8 to 2.3.1
  com.unity.analytics from version 2.0.16 to 3.2.2
  com.unity.package-manager-ui from version 1.9.11 to 2.0.3
  com.unity.textmeshpro from version 1.2.4 to 1.3.0

=== Sun Oct  6 23:03:39 2019

Packages were changed.
Update Mode: updateDependencies

The following packages were added:
  com.unity.2d.tilemap@1.0.0
  com.unity.ext.nunit@1.0.0
  com.unity.test-framework@1.0.13
  com.unity.timeline@1.1.0
  com.unity.2d.sprite@1.0.0
  com.unity.ide.vscode@1.0.7
  com.unity.ide.rider@1.1.0
  com.unity.ugui@1.0.0
  com.unity.modules.androidjni@1.0.0
  com.unity.multiplayer-hlapi@1.0.2
  com.unity.xr.legacyinputhelpers@2.0.2
The following packages were updated:
  com.unity.analytics from version 3.2.2 to 3.3.2
  com.unity.collab-proxy from version 1.2.15 to 1.2.16
  com.unity.package-manager-ui from version 2.0.3 to 2.2.0
  com.unity.purchasing from version 2.0.3 to 2.0.6
  com.unity.textmeshpro from version 1.3.0 to 2.0.1

=== Tue Jun 23 12:07:12 2020

Packages were changed.
Update Mode: updateDependencies

The following packages were updated:
  com.unity.ads from version 2.3.1 to 3.4.5
  com.unity.analytics from version 3.3.2 to 3.3.5
  com.unity.ide.rider from version 1.1.0 to 1.1.4
  com.unity.ide.vscode from version 1.0.7 to 1.2.0
  com.unity.multiplayer-hlapi from version 1.0.2 to 1.0.4
  com.unity.test-framework from version 1.0.13 to 1.1.14
  com.unity.timeline from version 1.1.0 to 1.2.6
  com.unity.xr.legacyinputhelpers from version 2.0.2 to 2.1.4
The following packages were removed:
  com.unity.package-manager-ui@2.2.0

=== Wed Sep  9 18:56:52 2020

Packages were changed.
Update Mode: updateDependencies

The following packages were added:
  com.unity.ide.visualstudio@2.0.2
The following packages were updated:
  com.unity.ads from version 3.4.5 to 3.4.9
  com.unity.collab-proxy from version 1.2.16 to 1.3.9
  com.unity.ide.rider from version 1.1.4 to 1.2.1
  com.unity.ide.vscode from version 1.2.0 to 1.2.1
  com.unity.shadergraph from version 7.3.1 to 8.2.0
  com.unity.test-framework from version 1.1.14 to 1.1.16
  com.unity.textmeshpro from version 2.0.1 to 3.0.1

=== Wed Aug 16 21:18:26 2023

Packages were changed.
Update Mode: updateDependencies

The following packages were updated:
  com.unity.ads from version 3.4.9 to 3.7.5
  com.unity.analytics from version 3.3.5 to 3.6.12
  com.unity.ext.nunit from version 1.0.0 to 1.0.6
  com.unity.ide.rider from version 1.2.1 to 3.0.15
  com.unity.ide.visualstudio from version 2.0.2 to 2.0.16
  com.unity.ide.vscode from version 1.2.1 to 1.2.5
  com.unity.purchasing from version 2.0.6 to 4.4.1
  com.unity.test-framework from version 1.1.16 to 1.1.31
  com.unity.textmeshpro from version 2.1.6 to 3.0.6
  com.unity.timeline from version 1.2.6 to 1.6.4
  com.unity.xr.legacyinputhelpers from version 2.1.4 to 2.1.10

=== Wed Aug 16 21:38:14 2023

Packages were changed.
Update Mode: updateDependencies

The following packages were added:
  com.unity.ai.navigation@1.1.4
The following packages were updated:
  com.unity.ads from version 3.7.5 to 4.4.2
  com.unity.analytics from version 3.6.12 to 3.8.1
  com.unity.ide.rider from version 3.0.15 to 3.0.24
  com.unity.ide.visualstudio from version 2.0.16 to 2.0.18
  com.unity.purchasing from version 4.4.1 to 4.9.3
  com.unity.test-framework from version 1.1.31 to 1.1.33
  com.unity.timeline from version 1.6.4 to 1.7.4

=== Sun Feb  1 09:32:04 2026

Packages were changed.
Update Mode: updateDependencies

The following packages were added:
  com.unity.modules.adaptiveperformance@1.0.0
  com.unity.modules.vectorgraphics@1.0.0
  com.unity.modules.accessibility@1.0.0
  com.unity.multiplayer.center@1.0.1
The following packages were updated:
  com.unity.ads from version 4.4.2 to 4.16.4
  com.unity.ai.navigation from version 1.1.4 to 2.0.9
  com.unity.analytics from version 3.8.1 to 3.8.2
  com.unity.ext.nunit from version 1.0.6 to 2.0.5
  com.unity.ide.rider from version 3.0.24 to 3.0.38
  com.unity.ide.visualstudio from version 2.0.18 to 2.0.26
  com.unity.purchasing from version 4.9.3 to 4.14.2
  com.unity.test-framework from version 1.1.33 to 1.6.0
  com.unity.timeline from version 1.7.4 to 1.8.10
  com.unity.ugui from version 1.0.0 to 2.0.0
  com.unity.xr.legacyinputhelpers from version 2.1.10 to 2.1.13
The following packages were removed:
  com.unity.textmeshpro@3.0.6
